<?xml version="1.0" encoding="UTF-8"?>
<!-- Generated by org.testng.reporters.JUnitReportReporter -->
<testsuite name="package01.test01" tests="1" time="0.022" ignored="0" failures="0" timestamp="25 八月 2019 21:02:01 GMT" skipped="0" hostname="DESKTOP-MRNVS04" errors="0">
  <testcase name="main" time="0.022" classname="package01.test01"/>
</testsuite> <!-- package01.test01 -->
