<?xml version="1.0" encoding="UTF-8"?>
<!-- Generated by org.testng.reporters.JUnitReportReporter -->
<testsuite skipped="0" hostname="DESKTOP-MRNVS04" name="package01.SendMail3" tests="1" failures="0" timestamp="20 八月 2019 18:56:31 GMT" time="15.108" errors="0">
  <testcase name="sendMail" time="15.108" classname="package01.SendMail3"/>
</testsuite> <!-- package01.SendMail3 -->
